<?xml version="1.0" encoding="UTF-8"?>
<!-- Generated by org.testng.reporters.JUnitReportReporter -->
<testsuite hostname="Yashu-Laptop" failures="0" tests="1" name="com.yadara.testcases.CheckoutTC01" time="17.972" errors="0" timestamp="2023-05-13T17:03:51 IST" skipped="0">
  <testcase classname="com.yadara.testcases.CheckoutTC01" name="selectsamsmith" time="17.972"/>
  <system-out/>
</testsuite> <!-- com.yadara.testcases.CheckoutTC01 -->
