<?xml version="1.0" encoding="UTF-8"?>
<!-- Generated by org.testng.reporters.JUnitReportReporter -->
<testsuite hostname="Yashu-Laptop" failures="0" tests="1" name="com.yadara.testcases.LoginTestCases" time="20.525" errors="0" timestamp="2023-05-15T22:47:10 IST" skipped="0">
  <testcase classname="com.yadara.testcases.LoginTestCases" name="TC_Login_01" time="20.525"/>
  <system-out/>
</testsuite> <!-- com.yadara.testcases.LoginTestCases -->
